[2025-05-18T15:18:28.784Z] INFO: Login Attempt Username: a0979608003@gmail.com Password: test
[2025-05-18T15:23:10.225Z] INFO: Login Attempt Username: ff Password: ff
[2025-05-18T15:28:45.884Z] INFO: Login Attempt Username: a0979608003@gmail.com Password: test
[2025-05-18T15:37:57.577Z] INFO: Register Attempt Username: a0979608003@gmail.com Password: test
[2025-05-18T15:39:33.122Z] INFO: Register Attempt Username: a0979608003@gmail.com Password: test
[2025-05-18T15:56:13.481Z] INFO: Register Attempt Username: a0979608003@gmail.com Password: test
[2025-05-18T15:56:13.987Z] ERROR: API Request failed:
[2025-05-18T15:57:32.545Z] INFO: Register Attempt Username: a0979608003@gmail.com Password: test
[2025-05-18T15:57:32.608Z] INFO: ${apiBaseUrl}register
[2025-05-18T15:57:32.730Z] ERROR: API Request failed:
[2025-05-18T15:58:16.297Z] INFO: Register Attempt Username: a0979608003@gmail.com Password: test
[2025-05-18T15:58:16.366Z] INFO: http://localhost:3000/register
[2025-05-18T15:58:16.470Z] ERROR: API Request failed:
[2025-05-18T15:58:28.917Z] INFO: Register Attempt Username: a0979608003@gmail.com Password: test
[2025-05-18T15:58:28.982Z] INFO: http://localhost:3000/register
[2025-05-18T15:58:28.988Z] ERROR: API Request failed:
[2025-05-18T16:05:29.988Z] INFO: Register Attempt Username: a0979608003@gmail.com Password: test
[2025-05-18T16:05:30.063Z] INFO: http://localhost:3000/register
[2025-05-18T16:05:30.180Z] ERROR: API Request failed:
[2025-05-18T16:08:23.512Z] INFO: Register Attempt Username: undefined Password: test
[2025-05-18T16:08:23.584Z] INFO: http://localhost:3000/register
[2025-05-18T16:08:23.724Z] ERROR: API Request failed:
[2025-05-18T16:09:43.079Z] INFO: Register Attempt Username: a0979608003@gmail.com Password: test
[2025-05-18T16:09:43.154Z] INFO: http://localhost:3000/register
[2025-05-18T16:11:11.022Z] INFO: Register Attempt Username: a0979608003@gmail.com Password: test
[2025-05-18T16:11:11.087Z] INFO: http://localhost:3000/register
[2025-05-18T16:11:51.927Z] INFO: Register Attempt Username: a0979608003@gmail.com Password: test
[2025-05-18T16:11:51.990Z] INFO: http://localhost:3000/register
[2025-05-18T16:11:52.568Z] INFO: API Response:
[2025-05-18T16:18:08.605Z] INFO: Register Attempt Username: a0979608003@gmail.com Password: test
[2025-05-18T16:18:08.675Z] INFO: http://localhost:3000/register
[2025-05-18T16:18:09.408Z] INFO: registration_pending
[2025-05-18T16:21:32.952Z] INFO: Register Attempt Username: a0979608003@gmail.com Password: test
[2025-05-18T16:21:33.016Z] INFO: http://localhost:3000/register
[2025-05-18T16:21:33.451Z] INFO: registration_pending
[2025-05-18T16:25:53.774Z] INFO: Register Attempt Username: a0979608003@gmail.com Password: test
[2025-05-18T16:25:53.837Z] INFO: http://localhost:3000/register
[2025-05-18T16:25:54.369Z] INFO: registration_pending
[2025-05-18T16:30:06.779Z] INFO: Register Attempt Username: a0979608003@gmail.com Password: test
[2025-05-18T16:30:06.843Z] INFO: http://localhost:3000/register
[2025-05-18T16:30:37.193Z] INFO: Register Attempt Username: a0979608003@gmail.com Password: test
[2025-05-18T16:30:37.257Z] INFO: http://localhost:3000/register
[2025-05-18T16:30:37.851Z] INFO: registration_pending
[2025-05-18T16:32:03.370Z] INFO: Register Attempt Username: a0979608003@gmail.com Password: test
[2025-05-18T16:32:03.435Z] INFO: http://localhost:3000/register
[2025-05-18T16:32:03.932Z] INFO: registration_pending
[2025-05-18T16:33:41.617Z] INFO: Register Attempt Username: a0979608003@gmail.com Password: test
[2025-05-18T16:33:41.682Z] INFO: http://localhost:3000/register
[2025-05-18T16:33:42.133Z] INFO: registration_pending
[2025-05-18T16:41:12.784Z] INFO: Register Attempt Username: a0979608003@gmail.com Password: test
[2025-05-18T16:41:12.857Z] INFO: http://localhost:3000/register
[2025-05-18T16:41:13.544Z] INFO: registration_pending
[2025-05-18T16:42:41.979Z] INFO: Register Attempt Username: a0979608003@gmail.com Password: test
[2025-05-18T16:42:42.044Z] INFO: http://localhost:3000/register
[2025-05-18T16:42:42.499Z] INFO: registration_pending
[2025-05-18T16:42:52.984Z] INFO: OTP Attempt Username: a0979608003@gmail.com OTP: 916262
[2025-05-18T16:42:52.985Z] INFO: http://localhost:3000/verify_email
[2025-05-18T16:43:26.413Z] INFO: Register Attempt Username: a0979608003@gmail.com Password: test
[2025-05-18T16:43:26.488Z] INFO: http://localhost:3000/register
[2025-05-18T16:43:26.964Z] INFO: registration_pending
[2025-05-18T16:43:39.398Z] INFO: OTP Attempt Username: a0979608003@gmail.com OTP: 787034
[2025-05-18T16:43:39.398Z] INFO: http://localhost:3000/verify_email
[2025-05-18T16:54:09.476Z] INFO: Login Attempt Username: undefined Password: test
[2025-05-18T16:54:09.540Z] INFO: http://localhost:3000/login
[2025-05-18T16:58:22.871Z] INFO: Login Attempt Username: a0979608003@gmail.com Password: test
[2025-05-18T16:58:22.937Z] INFO: http://localhost:3000/login
[2025-05-18T16:59:41.408Z] INFO: Login Attempt Username: a0979608003@gmail.com Password: test
[2025-05-18T16:59:41.479Z] INFO: http://localhost:3000/login
[2025-05-18T16:59:42.422Z] INFO: Login Attempt Username: a0979608003@gmail.com Password: test
[2025-05-18T16:59:42.482Z] INFO: http://localhost:3000/login
[2025-05-18T16:59:42.761Z] INFO: Login Attempt Username: a0979608003@gmail.com Password: test
[2025-05-18T16:59:42.822Z] INFO: http://localhost:3000/login
[2025-05-18T17:01:07.900Z] INFO: Login Attempt Username: a0979608003@gmail.com Password: test
[2025-05-18T17:01:07.964Z] INFO: http://localhost:3000/login
[2025-05-18T17:02:10.878Z] INFO: Register Attempt Username: a0979608003@gmail.com Password: test
[2025-05-18T17:02:10.944Z] INFO: http://localhost:3000/register
[2025-05-18T17:02:11.616Z] INFO: registration_pending
[2025-05-18T17:02:27.581Z] INFO: OTP Attempt Username: a0979608003@gmail.com OTP: 548673
[2025-05-18T17:02:27.582Z] INFO: http://localhost:3000/verify_email
[2025-05-18T17:02:27.598Z] INFO: email_verified
[2025-05-18T17:02:38.955Z] INFO: Login Attempt Username: a0979608003@gmail.com Password: test
[2025-05-18T17:02:39.019Z] INFO: http://localhost:3000/login
[2025-05-18T17:03:31.624Z] INFO: Register Attempt Username: a0979608003@gmail.com Password: test
[2025-05-18T17:03:31.688Z] INFO: http://localhost:3000/register
[2025-05-18T17:03:32.127Z] INFO: registration_pending
[2025-05-18T17:03:44.039Z] INFO: OTP Attempt Username: a0979608003@gmail.com OTP: 583817
[2025-05-18T17:03:44.040Z] INFO: http://localhost:3000/verify_email
[2025-05-18T17:03:44.082Z] INFO: email_verified
[2025-05-18T17:03:54.903Z] INFO: Login Attempt Username: a0979608003@gmail.com Password: test
[2025-05-18T17:03:54.975Z] INFO: http://localhost:3000/login
[2025-05-18T17:05:46.940Z] INFO: Register Attempt Username: a0979608003@gmail.com Password: test
[2025-05-18T17:05:47.004Z] INFO: http://localhost:3000/register
[2025-05-18T17:05:47.005Z] INFO: test
[2025-05-18T17:05:47.468Z] INFO: registration_pending
[2025-05-18T17:05:58.104Z] INFO: OTP Attempt Username: a0979608003@gmail.com OTP: 116410
[2025-05-18T17:05:58.104Z] INFO: http://localhost:3000/verify_email
[2025-05-18T17:05:58.118Z] INFO: email_verified
[2025-05-18T17:06:08.173Z] INFO: Login Attempt Username: a0979608003@gmail.com Password: test
[2025-05-18T17:06:08.235Z] INFO: http://localhost:3000/login
[2025-05-18T17:06:08.236Z] INFO: test
[2025-05-18T17:08:37.071Z] INFO: Register Attempt Username: a0979608003@gmail.com Password: test
[2025-05-18T17:08:37.141Z] INFO: http://localhost:3000/register
[2025-05-18T17:08:37.141Z] INFO: Password: test / Password Hash: $2b$10$tUpVvmc01GcHSLEQnH96lerM.TRJETJhSLOaUdLVbRHmMvpyHK.5.
[2025-05-18T17:08:37.593Z] INFO: registration_pending
[2025-05-18T17:08:48.714Z] INFO: OTP Attempt Username: a0979608003@gmail.com OTP: 174557
[2025-05-18T17:08:48.715Z] INFO: http://localhost:3000/verify_email
[2025-05-18T17:08:48.733Z] INFO: email_verified
[2025-05-18T17:08:57.500Z] INFO: Login Attempt Username: a0979608003@gmail.com Password: test
[2025-05-18T17:08:57.574Z] INFO: http://localhost:3000/login
[2025-05-18T17:08:57.574Z] INFO: Password: test / Password Hash: $2b$10$EsgscoUABAFaxUG3EVqv9.aNx4vOc0J0QdIGv/3Iz60x2tAAsSycm
[2025-05-18T17:11:48.810Z] INFO: Register Attempt Username: a0979608003@gmail.com Password: test
[2025-05-18T17:11:48.814Z] INFO: http://localhost:3000/register
[2025-05-18T17:11:48.814Z] INFO: Password: test / Password Hash: test
[2025-05-18T17:11:49.287Z] INFO: registration_pending
[2025-05-18T17:12:00.845Z] INFO: OTP Attempt Username: a0979608003@gmail.com OTP: 282493
[2025-05-18T17:12:00.846Z] INFO: http://localhost:3000/verify_email
[2025-05-18T17:12:00.858Z] INFO: email_verified
[2025-05-18T17:12:10.173Z] INFO: Login Attempt Username: a0979608003@gmail.com Password: test
[2025-05-18T17:12:10.174Z] INFO: http://localhost:3000/login
[2025-05-18T17:12:10.175Z] INFO: Password: test / Password Hash: test
[2025-05-18T17:12:10.537Z] INFO: login_otp_sent
[2025-05-18T17:13:37.076Z] INFO: Login Attempt Username: a0979608003@gmail.com Password: test
[2025-05-18T17:13:37.079Z] INFO: http://localhost:3000/login
[2025-05-18T17:13:37.079Z] INFO: Password: test / Password Hash: test
[2025-05-18T17:13:37.568Z] INFO: login_otp_sent
[2025-05-18T17:13:47.323Z] INFO: OTP Attempt Username: a0979608003@gmail.com OTP: 667233
[2025-05-18T17:13:47.324Z] INFO: http://localhost:3000/verify_email
[2025-05-18T17:13:47.330Z] INFO: email_verified
[2025-05-18T17:23:45.938Z] INFO: Register Attempt Username: a0979608003@gmail.com Password: test
[2025-05-18T17:23:45.941Z] INFO: http://localhost:3000/register
[2025-05-18T17:23:45.941Z] INFO: Password: test / Password Hash: test
[2025-05-18T17:23:46.490Z] INFO: registration_pending
[2025-05-18T17:24:06.855Z] INFO: OTP Attempt Username: a0979608003@gmail.com OTP: 691630
[2025-05-18T17:24:06.856Z] INFO: http://localhost:3000/verify_email
[2025-05-18T17:24:06.873Z] INFO: email_verified
[2025-05-18T17:24:17.397Z] INFO: Login Attempt Username: a0979608003@gmail.com Password: testtest
[2025-05-18T17:24:17.398Z] INFO: http://localhost:3000/login
[2025-05-18T17:24:17.399Z] INFO: Password: testtest / Password Hash: testtest
[2025-05-18T17:24:18.999Z] INFO: Login Attempt Username: a0979608003@gmail.com Password: test
[2025-05-18T17:24:18.999Z] INFO: http://localhost:3000/login
[2025-05-18T17:24:18.999Z] INFO: Password: test / Password Hash: test
[2025-05-18T17:24:20.374Z] INFO: Login Attempt Username: a0979608003@gmail.com Password: test
[2025-05-18T17:24:20.375Z] INFO: http://localhost:3000/login
[2025-05-18T17:24:20.375Z] INFO: Password: test / Password Hash: test
[2025-05-18T17:24:20.919Z] INFO: login_otp_sent
[2025-05-18T17:24:21.216Z] INFO: login_otp_sent
[2025-05-18T17:24:34.553Z] INFO: OTP Attempt Username: a0979608003@gmail.com OTP: 628476
[2025-05-18T17:24:34.553Z] INFO: http://localhost:3000/verify_email
[2025-05-18T17:24:34.562Z] INFO: email_verified
[2025-05-18T17:26:15.880Z] INFO: Login Attempt Username: a0979608003@gmail.com Password: test
[2025-05-18T17:26:15.885Z] INFO: http://localhost:3000/login
[2025-05-18T17:26:15.886Z] INFO: Password: test / Password Hash: test
[2025-05-18T17:26:16.379Z] INFO: login_otp_sent
[2025-05-18T17:26:28.531Z] INFO: OTP Attempt Username: a0979608003@gmail.com OTP: 981386
[2025-05-18T17:26:28.531Z] INFO: http://localhost:3000/verify_email
[2025-05-18T17:26:28.548Z] INFO: email_verified
[2025-05-18T18:55:18.929Z] INFO: Register Attempt Username: a0979608003@gmail.com Password: test
[2025-05-18T18:55:18.932Z] INFO: http://localhost:3000/register
[2025-05-18T18:55:19.690Z] INFO: registration_pending
[2025-05-18T18:55:36.795Z] INFO: OTP Attempt Username: a0979608003@gmail.com OTP: 193227
[2025-05-18T18:55:36.796Z] INFO: http://localhost:3000/verify_email
[2025-05-18T18:55:36.836Z] INFO: email_verified
[2025-05-18T18:56:01.222Z] INFO: Upload Attempt File: undefined
[2025-05-18T19:02:24.733Z] INFO: Login Attempt Username: a0979608003@gmail.com Password: test
[2025-05-18T19:02:24.736Z] INFO: http://localhost:3000/login
[2025-05-18T19:02:25.385Z] INFO: login_otp_sent
[2025-05-18T19:02:35.019Z] INFO: OTP Attempt Username: a0979608003@gmail.com OTP: 537845
[2025-05-18T19:02:35.019Z] INFO: http://localhost:3000/verify_email
[2025-05-18T19:02:35.030Z] INFO: email_verified
[2025-05-18T19:02:41.156Z] INFO: Upload Attempt File: undefined
[2025-05-18T19:05:41.145Z] INFO: Login Attempt Username: a0979608003@gmail.com Password: test
[2025-05-18T19:05:41.150Z] INFO: http://localhost:3000/login
[2025-05-18T19:05:41.835Z] INFO: login_otp_sent
[2025-05-18T19:05:51.906Z] INFO: OTP Attempt Username: a0979608003@gmail.com OTP: 155533
[2025-05-18T19:05:51.907Z] INFO: http://localhost:3000/verify_email
[2025-05-18T19:05:51.926Z] INFO: email_verified
[2025-05-18T19:14:50.677Z] INFO: Login Attempt Username: a0979608003@gmail.com Password: test
[2025-05-18T19:14:50.684Z] INFO: http://localhost:3000/login
[2025-05-18T19:14:51.254Z] INFO: login_otp_sent
[2025-05-18T19:15:00.916Z] INFO: OTP Attempt Username: a0979608003@gmail.com OTP: 431587
[2025-05-18T19:15:00.917Z] INFO: http://localhost:3000/verify_email
[2025-05-18T19:15:00.929Z] INFO: email_verified
[2025-05-18T19:16:15.251Z] INFO: Login Attempt Username: a0979608003@gmail.com Password: test
[2025-05-18T19:16:15.254Z] INFO: http://localhost:3000/login
[2025-05-18T19:16:15.805Z] INFO: login_otp_sent
[2025-05-18T19:16:24.872Z] INFO: OTP Attempt Username: a0979608003@gmail.com OTP: 850741
[2025-05-18T19:16:24.873Z] INFO: http://localhost:3000/verify_email
[2025-05-18T19:16:24.889Z] INFO: email_verified
[2025-05-18T19:17:54.504Z] INFO: Login Attempt Username: a0979608003@gmail.com Password: test
[2025-05-18T19:17:54.506Z] INFO: http://localhost:3000/login
[2025-05-18T19:17:54.965Z] INFO: login_otp_sent
[2025-05-18T19:18:03.720Z] INFO: OTP Attempt Username: a0979608003@gmail.com OTP: 211928
[2025-05-18T19:18:03.720Z] INFO: http://localhost:3000/verify_email
[2025-05-18T19:18:03.741Z] INFO: email_verified
[2025-05-18T19:20:31.528Z] INFO: Login Attempt Username: a0979608003@gmail.com Password: test
[2025-05-18T19:20:31.530Z] INFO: http://localhost:3000/login
[2025-05-18T19:20:31.940Z] INFO: login_otp_sent
[2025-05-18T19:20:41.386Z] INFO: OTP Attempt Username: a0979608003@gmail.com OTP: 816764
[2025-05-18T19:20:41.386Z] INFO: http://localhost:3000/verify_email
[2025-05-18T19:20:41.410Z] INFO: email_verified
[2025-05-18T19:20:47.692Z] INFO: Upload Attempt File: undefined
[2025-05-18T19:30:43.353Z] INFO: Login Attempt Username: a0979608003@gmail.com Password: test
[2025-05-18T19:30:43.356Z] INFO: http://localhost:3000/login
[2025-05-18T19:30:44.218Z] INFO: login_otp_sent
[2025-05-18T19:30:53.332Z] INFO: OTP Attempt Username: a0979608003@gmail.com OTP: 223091
[2025-05-18T19:30:53.333Z] INFO: http://localhost:3000/verify_email
[2025-05-18T19:30:53.347Z] INFO: email_verified
[2025-05-18T19:39:50.057Z] INFO: Login Attempt Username: a0979608003@gmail.com Password: test
[2025-05-18T19:39:50.059Z] INFO: http://localhost:3000/login
[2025-05-18T19:39:51.033Z] INFO: login_otp_sent
[2025-05-18T19:40:02.680Z] INFO: OTP Attempt Username: a0979608003@gmail.com OTP: 253947
[2025-05-18T19:40:02.680Z] INFO: http://localhost:3000/verify_email
[2025-05-18T19:40:02.698Z] INFO: email_verified
[2025-05-18T19:40:08.470Z] INFO: Upload Attempt File: [object Object]
[2025-05-18T19:44:33.418Z] INFO: Login Attempt Username: a0979608003@gmail.com Password: test
[2025-05-18T19:44:33.422Z] INFO: http://localhost:3000/login
[2025-05-18T19:44:34.151Z] INFO: login_otp_sent
[2025-05-18T19:44:46.242Z] INFO: OTP Attempt Username: a0979608003@gmail.com OTP: 322926
[2025-05-18T19:44:46.242Z] INFO: http://localhost:3000/verify_email
[2025-05-18T19:44:46.260Z] INFO: email_verified
[2025-05-18T19:44:51.991Z] INFO: Upload Attempt File: [object Object]
[2025-05-18T19:51:48.941Z] INFO: Login Attempt Username: a0979608003@gmail.com Password: test
[2025-05-18T19:51:48.944Z] INFO: http://localhost:3000/login
[2025-05-18T19:51:49.643Z] INFO: login_otp_sent
[2025-05-18T19:52:02.012Z] INFO: OTP Attempt Username: a0979608003@gmail.com OTP: 357340
[2025-05-18T19:52:02.013Z] INFO: http://localhost:3000/verify_email
[2025-05-18T19:52:02.031Z] INFO: email_verified
[2025-05-18T19:52:07.569Z] INFO: Upload Attempt File: client.log
[2025-05-18T19:52:07.571Z] INFO: http://localhost:3000/get_public_key
[2025-05-18T19:54:44.695Z] INFO: Login Attempt Username: a0979608003@gmail.com Password: test
[2025-05-18T19:54:44.698Z] INFO: http://localhost:3000/login
[2025-05-18T19:54:45.194Z] INFO: login_otp_sent
[2025-05-18T19:55:02.025Z] INFO: OTP Attempt Username: a0979608003@gmail.com OTP: 851937
[2025-05-18T19:55:02.026Z] INFO: http://localhost:3000/verify_email
[2025-05-18T19:55:02.078Z] INFO: email_verified
[2025-05-18T19:55:09.352Z] INFO: Upload Attempt File: client.log
[2025-05-18T19:55:09.354Z] INFO: http://localhost:3000/get_public_key
[2025-05-18T20:05:16.824Z] INFO: Register Attempt Username: a0979608003@gmail.com Password: test
[2025-05-18T20:05:16.826Z] INFO: http://localhost:3000/register
[2025-05-18T20:05:17.351Z] INFO: registration_pending
[2025-05-18T20:05:31.713Z] INFO: OTP Attempt Username: a0979608003@gmail.com OTP: 655586
[2025-05-18T20:05:31.714Z] INFO: http://localhost:3000/verify_email
[2025-05-18T20:05:31.756Z] INFO: email_verified
[2025-05-18T20:05:37.741Z] INFO: Upload Attempt File: client.log
[2025-05-18T20:05:37.743Z] INFO: http://localhost:3000/get_public_key
[2025-05-18T20:09:30.251Z] INFO: Register Attempt Username: a0979608003@gmail.com Password: test
[2025-05-18T20:09:30.255Z] INFO: http://localhost:3000/register
[2025-05-18T20:09:30.655Z] INFO: registration_pending
[2025-05-18T20:09:40.569Z] INFO: OTP Attempt Username: a0979608003@gmail.com OTP: 586149
[2025-05-18T20:09:40.569Z] INFO: http://localhost:3000/verify_email
[2025-05-18T20:09:40.578Z] INFO: email_verified
[2025-05-18T20:09:47.653Z] INFO: Upload Attempt File: README.md
[2025-05-18T20:09:47.658Z] INFO: http://localhost:3000/get_public_key
[2025-05-18T20:12:15.729Z] INFO: Login Attempt Username: a0979608003@gmail.com Password: test
[2025-05-18T20:12:15.732Z] INFO: http://localhost:3000/login
[2025-05-18T20:12:16.437Z] INFO: login_otp_sent
[2025-05-18T20:12:28.896Z] INFO: OTP Attempt Username: a0979608003@gmail.com OTP: 607299
[2025-05-18T20:12:28.897Z] INFO: http://localhost:3000/verify_email
[2025-05-18T20:12:28.914Z] INFO: email_verified
[2025-05-18T20:12:35.043Z] INFO: Upload Attempt File: README.md
[2025-05-18T20:12:35.044Z] INFO: http://localhost:3000/get_public_key
[2025-05-18T20:19:40.210Z] INFO: Login Attempt Username: a0979608003@gmail.com Password: test
[2025-05-18T20:19:40.212Z] INFO: http://localhost:3000/login
[2025-05-18T20:19:40.837Z] INFO: login_otp_sent
[2025-05-18T20:19:50.693Z] INFO: OTP Attempt Username: a0979608003@gmail.com OTP: 648350
[2025-05-18T20:19:50.694Z] INFO: http://localhost:3000/verify_email
[2025-05-18T20:19:50.747Z] INFO: login_success / SID=35380469
[2025-05-18T20:19:56.559Z] INFO: Upload Attempt File: client.log
[2025-05-18T20:19:56.562Z] INFO: http://localhost:3000/get_public_key
[2025-05-18T20:19:57.316Z] INFO: Successfully ask KMS Public Key
[2025-05-18T20:23:36.095Z] INFO: Login Attempt Username: a0979608003@gmail.com Password: test
[2025-05-18T20:23:36.098Z] INFO: http://localhost:3000/login
[2025-05-18T20:23:36.620Z] INFO: login_otp_sent
[2025-05-18T20:23:51.913Z] INFO: OTP Attempt Username: a0979608003@gmail.com OTP: 398249
[2025-05-18T20:23:51.914Z] INFO: http://localhost:3000/verify_email
[2025-05-18T20:23:51.949Z] INFO: login_success / SID=99239073
[2025-05-18T20:23:57.074Z] INFO: Upload Attempt File: README.md
[2025-05-18T20:23:57.077Z] INFO: http://localhost:3000/get_public_key
[2025-05-18T20:23:57.344Z] INFO: Successfully ask KMS Public Key
[2025-05-18T20:26:11.234Z] INFO: Login Attempt Username: a0979608003@gmail.com Password: test
[2025-05-18T20:26:11.236Z] INFO: http://localhost:3000/login
[2025-05-18T20:26:11.732Z] INFO: login_otp_sent
[2025-05-18T20:26:20.370Z] INFO: OTP Attempt Username: a0979608003@gmail.com OTP:  70243
[2025-05-18T20:26:20.371Z] INFO: http://localhost:3000/verify_email
[2025-05-18T20:26:27.457Z] INFO: OTP Attempt Username: a0979608003@gmail.com OTP: 702431
[2025-05-18T20:26:27.458Z] INFO: http://localhost:3000/verify_email
[2025-05-18T20:26:27.474Z] INFO: login_success / SID=13806075
[2025-05-18T20:26:34.215Z] INFO: Upload Attempt File: README.md
[2025-05-18T20:26:34.217Z] INFO: http://localhost:3000/get_public_key
[2025-05-18T20:27:11.109Z] INFO: Register Attempt Username: a0979608003@gmail.com Password: test
[2025-05-18T20:27:11.109Z] INFO: http://localhost:3000/register
[2025-05-18T20:27:11.431Z] INFO: registration_pending
[2025-05-18T20:27:26.119Z] INFO: OTP Attempt Username: a0979608003@gmail.com OTP: 704231
[2025-05-18T20:27:26.120Z] INFO: http://localhost:3000/verify_email
[2025-05-18T20:27:26.144Z] INFO: login_success / SID=82245210
[2025-05-18T20:27:34.525Z] INFO: Upload Attempt File: README.md
[2025-05-18T20:27:34.526Z] INFO: http://localhost:3000/get_public_key
[2025-05-18T20:27:34.898Z] INFO: Successfully ask KMS Public Key
[2025-05-18T20:27:34.900Z] INFO: http://localhost:4000/upload
[2025-05-18T20:27:43.739Z] INFO: Login Attempt Username: a0979608003@gmail.com Password: test
[2025-05-18T20:27:43.739Z] INFO: http://localhost:3000/login
[2025-05-18T20:27:45.543Z] INFO: Login Attempt Username: a0979608003@gmail.com Password: test
[2025-05-18T20:27:45.543Z] INFO: http://localhost:3000/login
[2025-05-18T20:27:47.375Z] INFO: Login Attempt Username: a0979608003@gmail.com Password: test
[2025-05-18T20:27:47.376Z] INFO: http://localhost:3000/login
[2025-05-18T20:28:02.569Z] INFO: Login Attempt Username: a0979608003@gmail.com Password: test
[2025-05-18T20:28:02.570Z] INFO: http://localhost:3000/login
[2025-05-18T20:28:49.029Z] INFO: Login Attempt Username: a0979608003@gmail.com Password: test
[2025-05-18T20:28:49.029Z] INFO: http://localhost:3000/login
[2025-05-18T20:30:03.775Z] INFO: Register Attempt Username: a0979608003@gmail.com Password: test
[2025-05-18T20:30:03.777Z] INFO: http://localhost:3000/register
[2025-05-18T20:30:04.309Z] INFO: registration_pending
[2025-05-18T20:30:14.930Z] INFO: OTP Register Attempt Username: a0979608003@gmail.com OTP: 781560
[2025-05-18T20:30:14.931Z] INFO: http://localhost:3000/verify_email
[2025-05-18T20:30:14.967Z] INFO: email_verified
[2025-05-18T20:30:22.977Z] INFO: Login Attempt Username: a0979608003@gmail.com Password: test
[2025-05-18T20:30:22.978Z] INFO: http://localhost:3000/login
[2025-05-18T20:30:23.300Z] INFO: login_otp_sent
[2025-05-18T20:30:33.755Z] INFO: OTP Attempt Username: a0979608003@gmail.com OTP: 157846
[2025-05-18T20:30:33.755Z] INFO: http://localhost:3000/verify_email
[2025-05-18T20:30:33.765Z] INFO: login_success / SID=94494630
[2025-05-18T20:30:38.879Z] INFO: Upload Attempt File: README.md
[2025-05-18T20:30:38.881Z] INFO: http://localhost:3000/get_public_key
[2025-05-18T20:30:39.560Z] INFO: Successfully ask KMS Public Key
[2025-05-18T20:30:39.561Z] INFO: http://localhost:4000/upload
