2025-05-19 10:23:50,063 INFO: [UPLOAD] Stored file 'file_name' in Redis with IV
2025-05-19 10:24:01,914 INFO: [DOWNLOAD] Retrieved file 'file_name' from Redis
2025-05-19 10:24:14,984 INFO: [DOWNLOAD] Retrieved file 'file_name' from Redis
2025-05-19 10:24:44,653 INFO: [DOWNLOAD] Retrieved file 'file_name' from Redis
2025-05-19 10:24:51,933 INFO: [LIST_FILES] Returning 1 files
2025-05-19 23:29:03,575 INFO: Flushing Redis database for a clean start...
2025-05-19 23:29:03,577 INFO: Starting Data Server with FastAPI on port 4000
2025-05-20 00:32:53,231 INFO: Flushing Redis database for a clean start...
2025-05-20 00:32:53,233 INFO: Starting Data Server with FastAPI on port 4000
2025-05-20 00:33:23,385 INFO: Flushing Redis database for a clean start...
2025-05-20 00:33:23,386 INFO: Starting Data Server with FastAPI on port 4000
2025-05-20 01:02:37,224 INFO: Flushing Redis database for a clean start...
2025-05-20 01:02:37,225 INFO: Starting Data Server with FastAPI on port 4000
2025-05-20 01:05:25,297 INFO: Flushing Redis database for a clean start...
2025-05-20 01:05:25,298 INFO: Starting Data Server with FastAPI on port 4000
2025-05-20 01:06:13,436 INFO: [UPLOAD] Stored file 'README.md' in Redis with IV
2025-05-20 01:29:11,922 INFO: [UPLOAD] Stored file 'client.log' in Redis with IV
2025-05-20 01:34:32,152 INFO: [UPLOAD] Stored file 'preload.js' in Redis with IV
2025-05-20 01:39:02,804 INFO: [UPLOAD] Stored file 'package.json' in Redis with IV
2025-05-20 01:47:34,905 INFO: [UPLOAD] Stored file 'logger.js' in Redis with IV
2025-05-20 01:53:17,633 INFO: [UPLOAD] Stored file 'file.js' in Redis with IV
